:: loading settings :: url = jar:file:/usr/apps/vmas/spark-3.2.0-bin-hadoop3.2/jars/ivy-2.5.0.jar!/org/apache/ivy/core/settings/ivysettings.xml
LTERACHAttemptCount - FSNO21VA
+-----------+---------+
|         sn|sum_count|
+-----------+---------+
|ABH25203813|       87|
|ABH30519300|       82|
|ABH30700976|       67|
|ABH32605024|       46|
|ABH31903755|       46|
|ABH33705512|       45|
|ABH31816627|       36|
|ABH22736889|       35|
|ABH33510113|       34|
|ABH22505362|       30|
|ABH25206785|       30|
|ABH25210539|       27|
|ABH32316117|       25|
|ABH31908989|       22|
|ABH31718171|       21|
|ABH34101917|       20|
|ABH33107582|       19|
|ABH33415111|       19|
|ABH25206072|       18|
|ABH34005315|       17|
+-----------+---------+
only showing top 20 rows

[(0.1, 0.0), (0.2, 0.0), (0.3, 0.0), (0.4, 0.0), (0.5, 0.0), (0.6, 0.0), (0.7, 0.0), (0.8, 1.0), (0.9, 1.0)]
LTERACHAttemptCount - ASK-NCQ1338FA
+-----------+---------+
|         sn|sum_count|
+-----------+---------+
|ABG23419745|       41|
|ABG23509762|       37|
|ABG30908550|       36|
|ABG23205036|       33|
|ABG24000058|       33|
|ABG31203431|       32|
|ABG31500915|       32|
|ABG23534083|       31|
|ABG23229487|       29|
|ABG24908817|       29|
|ABG22412701|       28|
|ABG22410212|       27|
|ABG25136442|       27|
|ABG23900892|       26|
|ABG22302449|       26|
|ABG24328346|       25|
|ABG25210906|       25|
|ABG30911725|       25|
|ABG22408093|       25|
|ABG24217970|       25|
+-----------+---------+
only showing top 20 rows

[(0.1, 0.0), (0.2, 0.0), (0.3, 0.0), (0.4, 0.0), (0.5, 0.0), (0.6, 0.0), (0.7, 1.0), (0.8, 1.0), (0.9, 1.0)]
LTERACHAttemptCount - FWA55V5L
+-----------+---------+
|         sn|sum_count|
+-----------+---------+
|ABT23504722|       25|
|ABT23615399|       18|
|ABT23602513|       15|
|ABT23611473|       13|
|ABT23613081|       12|
|ABT23607615|       12|
|ABT23604808|       12|
|ABT23200892|       10|
|ABT23204429|       10|
|ABT23509211|       10|
|ABT23222794|        9|
|ABT23615321|        9|
|ABT23205759|        9|
|ABT23506426|        9|
|ABT23509802|        9|
|ABT23609930|        7|
|ABT23617185|        7|
|ABT23303593|        7|
|ABT23502361|        7|
|ABT23207756|        7|
+-----------+---------+
only showing top 20 rows

[(0.1, 0.0), (0.2, 0.0), (0.3, 0.0), (0.4, 0.0), (0.5, 0.0), (0.6, 0.0), (0.7, 0.0), (0.8, 0.0), (0.9, 0.0)]
LTERACHAttemptCount - WNC-CR200A
+-----------+---------+
|         sn|sum_count|
+-----------+---------+
|ACA33115559|       34|
|ACA33632367|       24|
|ACA33806664|       23|
|ACA33636839|       22|
|ACA34237836|       21|
|ACA32404322|       20|
|ACA33715353|       20|
|ACA34303637|       20|
|ACA33233614|       18|
|ACA34224191|       17|
|ACA32817079|       17|
|ACA32815681|       16|
|ACA33005366|       15|
|ACA33611240|       15|
|ACA33208830|       15|
|ACA33710534|       15|
|ACA34239192|       14|
|ACA33232810|       14|
|ACA32428400|       13|
|ACA32801367|       13|
+-----------+---------+
only showing top 20 rows

[(0.1, 1.0), (0.2, 1.0), (0.3, 1.0), (0.4, 1.0), (0.5, 1.0), (0.6, 1.0), (0.7, 1.0), (0.8, 1.0), (0.9, 1.0)]
LTERACHAttemptCount - ASK-NCQ1338
+-----------+---------+
|         sn|sum_count|
+-----------+---------+
|AAM20906025|       30|
|AAM12801152|       29|
|AAM12803784|       18|
|AAM20109188|       17|
|AAM12602836|       15|
|AAM13301021|       15|
|AAM21116664|       14|
|AAM21618846|       13|
|AAM21610861|       13|
|AAM21108826|       12|
|AAM12503543|       11|
|AAM14004957|       11|
|AAM12300825|       11|
|AAM14110619|       11|
|AAM20309788|       11|
|AAM21219018|       10|
|AAM20717778|       10|
|AAM21112328|       10|
|AAM20704507|       10|
|AAM21018528|        9|
+-----------+---------+
only showing top 20 rows

[(0.1, 0.0), (0.2, 0.0), (0.3, 0.0), (0.4, 0.0), (0.5, 0.0), (0.6, 0.0), (0.7, 0.0), (0.8, 1.0), (0.9, 1.0)]
LTERACHAttemptCount - XCI55AX
+-----------+---------+
|         sn|sum_count|
+-----------+---------+
|ABU24121521|      118|
|GRR22818876|       77|
|ABU32905134|       53|
|ABU32203896|       44|
|GRR23170193|       41|
|GRR22069679|       37|
|ABU34108080|       37|
|GRR23272598|       31|
|GRR22015972|       31|
|GRR22214905|       29|
|ABU24902853|       25|
|GRR23280754|       24|
|ABU24627035|       21|
|GRR23159609|       20|
|ABU33714361|       20|
|ABU24815553|       20|
|ABU24609627|       19|
|ABU24709929|       19|
|GRR22215448|       19|
|ABU24624620|       18|
+-----------+---------+
only showing top 20 rows

[(0.1, 0.0), (0.2, 0.0), (0.3, 0.0), (0.4, 0.0), (0.5, 0.0), (0.6, 0.0), (0.7, 0.0), (0.8, 0.0), (0.9, 0.0)]
LTERACHAttemptCount - ASK-NCM1100E
+-----------+---------+
|         sn|sum_count|
+-----------+---------+
|ACC33300027|        2|
|ACG33800077|        1|
|ACC33700005|        1|
|ACC33700011|        1|
|ACC33200081|        1|
|ACC33700017|        1|
|ACC33200058|        1|
|ACC33700020|        1|
|ACC33300022|        1|
|ACC33700022|        1|
|ACC33200108|        1|
|ACC33700023|        1|
|ACC33200143|        1|
|ACC33700024|        1|
|ACC33300011|        1|
|ACC33700028|        1|
|ACG33800003|        1|
|00032400022|        1|
|ACG33800018|        1|
|ACC33300039|        1|
+-----------+---------+
only showing top 20 rows

[(0.1, 1.0), (0.2, 1.0), (0.3, 1.0), (0.4, 1.0), (0.5, 1.0), (0.6, 1.0), (0.7, 1.0), (0.8, 1.0), (0.9, 1.0)]
LTERACHAttemptCount - ASK-NCQ1338E
+-----------+---------+
|         sn|sum_count|
+-----------+---------+
|AA121501340|      104|
|AA121700270|       76|
|AA122107749|       72|
|AA121504971|       49|
|AA120901237|       38|
|AA122610637|       27|
|AA120203533|       24|
|AA122107035|       18|
|AA120207102|       17|
|AA122101849|       16|
|AA123012846|       13|
|AA122007377|       11|
|AA122611892|       10|
|AA120901044|        9|
|AA121506981|        8|
|AA121305059|        8|
|AA122004656|        8|
|AA121909404|        8|
|AA122008886|        8|
|AA123012640|        8|
+-----------+---------+
only showing top 20 rows

[(0.1, 0.0), (0.2, 0.0), (0.3, 0.0), (0.4, 0.0), (0.5, 0.0), (0.6, 0.0), (0.7, 0.0), (0.8, 0.0), (0.9, 0.0)]
LTERACHAttemptCount - FWF100V5L
+-----------+---------+
|         sn|sum_count|
+-----------+---------+
|AB931900868|       31|
|AB931900649|       27|
|ACE34600648|       10|
|AB931900619|        5|
|ACE34600475|        4|
|ACE34601162|        3|
|ACE34602339|        3|
|ACE34604602|        3|
|ACE34601328|        2|
|ACE34605584|        2|
|ACE34900372|        2|
|ACE35100426|        2|
|AB931900558|        2|
|ACE35100049|        2|
|AB931900842|        2|
|ACE34600651|        2|
|AB330500411|        1|
|AB330500539|        1|
|AB931900514|        1|
|AB931900531|        1|
+-----------+---------+
only showing top 20 rows

[(0.1, 0.0), (0.2, 1.0), (0.3, 1.0), (0.4, 1.0), (0.5, 1.0), (0.6, 1.0), (0.7, 1.0), (0.8, 1.0), (0.9, 2.0)]
LTERACHAttemptCount - ASK-NCM1100
+-----------+---------+
|         sn|sum_count|
+-----------+---------+
|ACD33200141|        1|
|ACD33200250|        1|
|ACD33200268|        1|
|ACD34000000|        1|
|ACD34000001|        1|
|ACD34000014|        1|
|ACD34000044|        1|
+-----------+---------+

[(0.1, 1.0), (0.2, 1.0), (0.3, 1.0), (0.4, 1.0), (0.5, 1.0), (0.6, 1.0), (0.7, 1.0), (0.8, 1.0), (0.9, 1.0)]
LTERACHFailureCount - FSNO21VA
+-----------+---------+
|         sn|sum_count|
+-----------+---------+
|ABH31816627|       21|
|ABH30519300|       17|
|ABH32605024|       12|
|ABH34101568|       11|
|ABH25110982|       11|
|ABH22902106|       10|
|ABH31913095|       10|
|ABH34101757|        9|
|ABH22505362|        8|
|ABH34101730|        8|
|ABH30116866|        7|
|ABH34101917|        7|
|ABH34104115|        6|
|ABH30903151|        6|
|ABH30503015|        6|
|ABH32105306|        6|
|ABH30125257|        6|
|ABH33213467|        6|
|ABH34102470|        6|
|ABH34101500|        6|
+-----------+---------+
only showing top 20 rows

[(0.1, 0.0), (0.2, 0.0), (0.3, 0.0), (0.4, 0.0), (0.5, 0.0), (0.6, 0.0), (0.7, 0.0), (0.8, 0.0), (0.9, 0.0)]
LTERACHFailureCount - ASK-NCQ1338FA
+-----------+---------+
|         sn|sum_count|
+-----------+---------+
|ABG31106058|      163|
|ABG24300146|      127|
|ABG23913763|      119|
|ABG23015711|      115|
|ABG24017832|      113|
|ABG23404239|      108|
|ABG24016940|      104|
|ABB24910390|      104|
|ABG23905202|      104|
|ABG30110420|      104|
|ABG25132995|      102|
|ABG25224974|      102|
|ABG24908845|      102|
|ABG23412449|      102|
|ABG22931742|      100|
|ABG24405901|       96|
|ABG24412447|       93|
|ABG22418748|       90|
|ABB30702346|       90|
|ABG24312458|       89|
+-----------+---------+
only showing top 20 rows

[(0.1, 0.0), (0.2, 0.0), (0.3, 0.0), (0.4, 0.0), (0.5, 0.0), (0.6, 1.0), (0.7, 1.0), (0.8, 2.0), (0.9, 4.0)]
LTERACHFailureCount - FWA55V5L
+-----------+---------+
|         sn|sum_count|
+-----------+---------+
|ABT23611473|        6|
|ABT23505607|        4|
|ABT23207756|        4|
|ABT23200892|        3|
|ABT23303213|        3|
|ABT23209894|        3|
|ABT23214321|        3|
|ABT23617357|        3|
|ABT23224882|        3|
|ABT23221830|        3|
|ABT23610732|        3|
|ABT23619214|        3|
|ABT23613692|        2|
|ABT23202193|        2|
|ABT23616636|        2|
|ABT23608484|        2|
|ABT23609955|        2|
|ABT23601773|        2|
|ABT23507865|        2|
|ABT23611929|        2|
+-----------+---------+
only showing top 20 rows

[(0.1, 0.0), (0.2, 0.0), (0.3, 0.0), (0.4, 0.0), (0.5, 0.0), (0.6, 0.0), (0.7, 0.0), (0.8, 0.0), (0.9, 0.0)]
LTERACHFailureCount - WNC-CR200A
+-----------+---------+
|         sn|sum_count|
+-----------+---------+
|ACA32428400|       13|
|ACA33115559|       11|
|ACA33012603|        8|
|TN330500243|        8|
|ACA33005366|        8|
|ACA32815681|        8|
|ACA33823352|        7|
|ACA33915934|        7|
|ACA34237836|        7|
|ACA33219364|        6|
|ACA33636839|        6|
|ACA33436467|        6|
|ACA34214377|        5|
|ACA34106278|        5|
|ACA33625670|        5|
|ACA32419991|        5|
|ACA33711243|        5|
|ACA33208830|        5|
|ACA33610725|        5|
|ACA34101941|        5|
+-----------+---------+
only showing top 20 rows

[(0.1, 0.0), (0.2, 0.0), (0.3, 0.0), (0.4, 0.0), (0.5, 0.0), (0.6, 1.0), (0.7, 1.0), (0.8, 1.0), (0.9, 1.0)]
LTERACHFailureCount - ASK-NCQ1338
+-----------+---------+
|         sn|sum_count|
+-----------+---------+
|AAM21224002|      122|
|AAM21002626|      121|
|AAM14813216|      118|
|AAM12503119|      114|
|AAM21707538|      110|
|AAM21203432|      109|
|AAM21406123|      109|
|AAM14702499|      104|
|AAM14910329|      103|
|AAM20112564|       99|
|AAM21017763|       99|
|AAM14708658|       93|
|AAM13302670|       90|
|AAM14707047|       87|
|AAM21113094|       83|
|AAM15213400|       83|
|AAM15108519|       80|
|AAM12802105|       74|
|AAM14603321|       73|
|AAM14709145|       73|
+-----------+---------+
only showing top 20 rows

[(0.1, 0.0), (0.2, 0.0), (0.3, 0.0), (0.4, 0.0), (0.5, 0.0), (0.6, 0.0), (0.7, 1.0), (0.8, 1.0), (0.9, 3.0)]
LTERACHFailureCount - XCI55AX
+-----------+---------+
|         sn|sum_count|
+-----------+---------+
|GRR22818876|       77|
|ABU24121521|       38|
|GRR22015972|       31|
|ABU24815553|       18|
|GRR23280754|        7|
|ABU32305861|        7|
|GRR22005213|        6|
|ABU31302509|        6|
|GRR22445697|        6|
|ABU24156815|        6|
|ABU23945532|        6|
|ABU32212323|        5|
|ABU24810841|        5|
|GRR21214096|        5|
|ABU24752997|        5|
|ABU23924297|        4|
|ABU24612517|        4|
|ABU23931336|        4|
|GRR22036205|        4|
|ABU34707621|        4|
+-----------+---------+
only showing top 20 rows

[(0.1, 0.0), (0.2, 0.0), (0.3, 0.0), (0.4, 0.0), (0.5, 0.0), (0.6, 0.0), (0.7, 0.0), (0.8, 0.0), (0.9, 0.0)]
LTERACHFailureCount - ASK-NCM1100E
+-----------+---------+
|         sn|sum_count|
+-----------+---------+
|ACG33800035|        1|
|ACG33800336|        1|
|ACG33800043|        1|
|AAK11300268|        1|
|ACG33800059|        1|
|ACC33200058|        1|
|ACG33800097|        1|
|ACC33200105|        1|
|ACG33800100|        1|
|ACC33200139|        1|
|ACG33800131|        1|
|ACC33300010|        1|
|ACG33800134|        1|
|ACC33300020|        1|
|ACG33800135|        1|
|ACG33800174|        1|
|ACG33800320|        1|
|ACG33800228|        1|
|ACC33700024|        1|
|ACG33800238|        1|
+-----------+---------+
only showing top 20 rows

[(0.1, 0.0), (0.2, 0.0), (0.3, 0.0), (0.4, 1.0), (0.5, 1.0), (0.6, 1.0), (0.7, 1.0), (0.8, 1.0), (0.9, 1.0)]
LTERACHFailureCount - ASK-NCQ1338E
+-----------+---------+
|         sn|sum_count|
+-----------+---------+
|AA121707053|      156|
|AA122617378|      136|
|AA121501832|      126|
|AA122100035|       98|
|AA122109053|       93|
|AA122104639|       92|
|AA123006713|       87|
|AA122611299|       85|
|AA122109804|       83|
|AA123014657|       82|
|AA121501340|       81|
|AA121700270|       76|
|AA120900222|       70|
|AA122900030|       70|
|AA121902175|       66|
|AA122100609|       65|
|AA121909968|       62|
|AA121503750|       61|
|AA121501765|       59|
|AA122112854|       59|
+-----------+---------+
only showing top 20 rows

[(0.1, 0.0), (0.2, 0.0), (0.3, 0.0), (0.4, 0.0), (0.5, 0.0), (0.6, 0.0), (0.7, 0.0), (0.8, 1.0), (0.9, 2.0)]
LTERACHFailureCount - FWF100V5L
+-----------+---------+
|         sn|sum_count|
+-----------+---------+
|ACE34600648|        3|
|AB931900842|        2|
|AB330500539|        1|
|AB931900534|        1|
|AB931900619|        1|
|AB931900678|        1|
|AB931900563|        1|
|AB931900819|        1|
|AB931900674|        1|
|ACE34601969|        1|
|AB931900684|        1|
|AB931900696|        1|
|AB931900798|        1|
|AB931900951|        1|
|ACE34600651|        1|
|ACE34601557|        1|
|ACE34602063|        1|
|ACE34602172|        1|
|ACE34603971|        1|
|ACE34604155|        1|
+-----------+---------+
only showing top 20 rows

[(0.1, 0.0), (0.2, 0.0), (0.3, 0.0), (0.4, 0.0), (0.5, 0.0), (0.6, 0.0), (0.7, 1.0), (0.8, 1.0), (0.9, 1.0)]
LTERACHFailureCount - ASK-NCM1100
+-----------+---------+
|         sn|sum_count|
+-----------+---------+
|ACD33200141|        1|
|ACD33200268|        1|
|ACD33200250|        1|
|ACD34000014|        0|
+-----------+---------+

[(0.1, 0.0), (0.2, 0.0), (0.3, 1.0), (0.4, 1.0), (0.5, 1.0), (0.6, 1.0), (0.7, 1.0), (0.8, 1.0), (0.9, 1.0)]
LTEHandOverAttemptCount - FSNO21VA
+-----------+---------+
|         sn|sum_count|
+-----------+---------+
|ABH30519300|       81|
|ABH25203813|       77|
|ABH30700976|       65|
|ABH32605024|       49|
|ABH33705512|       42|
|ABH22736889|       35|
|ABH31816627|       34|
|ABH22505362|       26|
|ABH32316117|       23|
|ABH25110982|       18|
|ABH34101917|       18|
|ABH30900044|       16|
|ABH25210539|       16|
|ABH33107582|       15|
|ABH25108955|       15|
|ABH30903151|       15|
|ABH25206072|       15|
|ABH22902106|       15|
|ABH34101841|       14|
|ABH34005179|       14|
+-----------+---------+
only showing top 20 rows

[(0.1, 0.0), (0.2, 0.0), (0.3, 0.0), (0.4, 0.0), (0.5, 0.0), (0.6, 0.0), (0.7, 0.0), (0.8, 0.0), (0.9, 1.0)]
LTEHandOverAttemptCount - ASK-NCQ1338FA
+-----------+---------+
|         sn|sum_count|
+-----------+---------+
|ABG24000058|       23|
|ABG25004213|       23|
|ABG25210906|       23|
|ABG23215990|       21|
|ABG23419745|       20|
|ABG30908550|       19|
|ABG22330080|       18|
|ABG22327257|       18|
|ABB24503988|       17|
|ABG23534083|       17|
|ABB30600098|       17|
|ABG23942725|       17|
|ABG22429829|       15|
|ABG22408093|       14|
|ABG31308208|       14|
|ABG30706794|       14|
|ABG24006172|       14|
|ABG25133770|       14|
|ABG30610580|       13|
|ABG30612865|       13|
+-----------+---------+
only showing top 20 rows

[(0.1, 0.0), (0.2, 1.0), (0.3, 1.0), (0.4, 1.0), (0.5, 1.0), (0.6, 1.0), (0.7, 1.0), (0.8, 1.0), (0.9, 1.0)]
LTEHandOverAttemptCount - FWA55V5L
+-----------+---------+
|         sn|sum_count|
+-----------+---------+
|ABT23504722|       23|
|ABT23611473|       15|
|ABT23602513|       14|
|ABT23613081|       12|
|ABT23200892|       10|
|ABT23604808|        9|
|ABT23615321|        8|
|ABT23205759|        8|
|ABT23222794|        7|
|ABT23609930|        7|
|ABT23502361|        7|
|ABT23617185|        7|
|ABT23303593|        7|
|ABT23303213|        6|
|ABT23213913|        6|
|ABT23207756|        6|
|ABT23619467|        6|
|ABT23511758|        5|
|ABT23618584|        5|
|ABT23617357|        5|
+-----------+---------+
only showing top 20 rows

[(0.1, 0.0), (0.2, 0.0), (0.3, 0.0), (0.4, 0.0), (0.5, 0.0), (0.6, 0.0), (0.7, 0.0), (0.8, 0.0), (0.9, 0.0)]
LTEHandOverAttemptCount - WNC-CR200A
+-----------+---------+
|         sn|sum_count|
+-----------+---------+
|ACA33715353|       19|
|ACA33208830|       14|
|ACA32815681|       12|
|ACA34212877|       12|
|ACA33639111|        9|
|ACA32901563|        9|
|ACA32313248|        8|
|ACA33234747|        7|
|ACA32316336|        7|
|ACA33232321|        7|
|ACA33403123|        7|
|ACA34305912|        6|
|ACA33100358|        6|
|ACA33829550|        6|
|ACA34107552|        6|
|ACA34101941|        6|
|ACA32407143|        6|
|ACA34106278|        6|
|ACA33702019|        6|
|ACA33234035|        5|
+-----------+---------+
only showing top 20 rows

[(0.1, 0.0), (0.2, 0.0), (0.3, 0.0), (0.4, 0.0), (0.5, 0.0), (0.6, 0.0), (0.7, 1.0), (0.8, 1.0), (0.9, 1.0)]
LTEHandOverAttemptCount - ASK-NCQ1338
+-----------+---------+
|         sn|sum_count|
+-----------+---------+
|AAM20906025|       31|
|AAM20309788|       11|
|AAM15109977|        9|
|AAM15209398|        9|
|AAM15204128|        8|
|AAM21432489|        8|
|AAM20311294|        7|
|AAM21428971|        7|
|AAM21013063|        7|
|AAM21505982|        7|
|AAM21014877|        7|
|AAM14909017|        7|
|AAM14703022|        6|
|AAM21410250|        6|
|AAM20305324|        6|
|AAM21207482|        6|
|AAM12300320|        6|
|AAM21013686|        6|
|AAM15200675|        6|
|AAM21405871|        6|
+-----------+---------+
only showing top 20 rows

[(0.1, 1.0), (0.2, 1.0), (0.3, 1.0), (0.4, 1.0), (0.5, 1.0), (0.6, 1.0), (0.7, 1.0), (0.8, 1.0), (0.9, 1.0)]
LTEHandOverAttemptCount - XCI55AX
+-----------+---------+
|         sn|sum_count|
+-----------+---------+
|GRR22818876|       77|
|ABU32905134|       53|
|GRR23170193|       42|
|ABU32203896|       42|
|ABU34108080|       37|
|GRR22015972|       31|
|GRR22214905|       28|
|GRR23280754|       24|
|GRR22069679|       22|
|ABU24627035|       22|
|ABU24815553|       20|
|ABU24709929|       19|
|ABU24609627|       18|
|GRR23159609|       18|
|GRR21621568|       18|
|ABU24624620|       18|
|ABG22504072|       16|
|ABU34406454|       16|
|ABU24322096|       15|
|ABU32213206|       14|
+-----------+---------+
only showing top 20 rows

[(0.1, 0.0), (0.2, 0.0), (0.3, 0.0), (0.4, 0.0), (0.5, 0.0), (0.6, 0.0), (0.7, 0.0), (0.8, 0.0), (0.9, 0.0)]
LTEHandOverAttemptCount - ASK-NCM1100E
+-----------+---------+
|         sn|sum_count|
+-----------+---------+
|ACC33300027|        2|
|ACG33800249|        1|
|ACG33800035|        1|
|ACG33800044|        1|
|ACG33800105|        1|
|ACG33800059|        1|
|ACG33800100|        1|
|ACG33800245|        1|
|ACG33800161|        1|
|ACC33200062|        1|
|ACG33800109|        1|
|ACC33300045|        1|
|ACG33800117|        1|
|ACC33700017|        1|
|ACG33800134|        1|
|ACC33700023|        1|
|ACG33800021|        1|
|ACG33800162|        1|
|ACG33800025|        1|
|ACG33800169|        1|
+-----------+---------+
only showing top 20 rows

[(0.1, 0.0), (0.2, 0.0), (0.3, 1.0), (0.4, 1.0), (0.5, 1.0), (0.6, 1.0), (0.7, 1.0), (0.8, 1.0), (0.9, 1.0)]
LTEHandOverAttemptCount - ASK-NCQ1338E
+-----------+---------+
|         sn|sum_count|
+-----------+---------+
|AA113600006|        1|
|AA114400017|        1|
|AA114400003|        1|
|AA114401332|        1|
|AA121701284|        1|
|AA122903158|        1|
|AA114400045|        1|
|AA122617059|        0|
+-----------+---------+

[(0.1, 0.0), (0.2, 1.0), (0.3, 1.0), (0.4, 1.0), (0.5, 1.0), (0.6, 1.0), (0.7, 1.0), (0.8, 1.0), (0.9, 1.0)]
LTEHandOverAttemptCount - FWF100V5L
+-----------+---------+
|         sn|sum_count|
+-----------+---------+
|AB931900868|       31|
|ACE34600648|       10|
|AB931900619|        4|
|ACE34601162|        3|
|ACE34604602|        3|
|ACE34602339|        3|
|AB931900558|        2|
|ACE35100049|        2|
|ACE34900372|        2|
|ACE34605584|        2|
|ACE34601968|        1|
|AB931900686|        1|
|AB931900666|        1|
|AB931900588|        1|
|AB931900807|        1|
|ACE34601969|        1|
|AB931900678|        1|
|AB931900798|        1|
|ACE34602895|        1|
|ACE34602172|        1|
+-----------+---------+
only showing top 20 rows

[(0.1, 0.0), (0.2, 0.0), (0.3, 1.0), (0.4, 1.0), (0.5, 1.0), (0.6, 1.0), (0.7, 1.0), (0.8, 1.0), (0.9, 2.0)]
LTEHandOverAttemptCount - ASK-NCM1100
+-----------+---------+
|         sn|sum_count|
+-----------+---------+
|ACD33200250|        1|
|ACD34000044|        1|
|ACD34000000|        1|
|ACD34000014|        0|
+-----------+---------+

[(0.1, 0.0), (0.2, 0.0), (0.3, 1.0), (0.4, 1.0), (0.5, 1.0), (0.6, 1.0), (0.7, 1.0), (0.8, 1.0), (0.9, 1.0)]
LTEHandOverFailureCount - FSNO21VA
+-----------+---------+
|         sn|sum_count|
+-----------+---------+
|ABH30404438|        2|
|ABH30909471|        2|
|ABH31913847|        2|
|ABH22906059|        2|
|ABH34101593|        2|
|ABH31502881|        2|
|ABH32902260|        2|
|ABH31812422|        2|
|ABH31108406|        2|
|ABH33003311|        2|
|ABH31713096|        2|
|ABH31913095|        2|
|ABH23802012|        2|
|ABH31009916|        2|
|ABH32603062|        2|
|ABH31920096|        2|
|ABH31717859|        2|
|ABH30113320|        2|
|ABH30902190|        2|
|ABH23805299|        2|
+-----------+---------+
only showing top 20 rows

[(0.1, 0.0), (0.2, 0.0), (0.3, 0.0), (0.4, 0.0), (0.5, 0.0), (0.6, 0.0), (0.7, 0.0), (0.8, 0.0), (0.9, 0.0)]
LTEHandOverFailureCount - ASK-NCQ1338FA
+-----------+---------+
|         sn|sum_count|
+-----------+---------+
|ABG23226761|        9|
|ABG22619999|        5|
|ABG22323574|        5|
|ABG31307167|        5|
|ABG24404594|        4|
|ABG22427519|        4|
|ABG30110420|        4|
|ABG25019582|        4|
|ABG31208871|        4|
|ABG30107740|        4|
|ABB24905979|        4|
|ABG22619570|        3|
|ABG24905530|        3|
|ABG30706794|        3|
|ABG23533498|        3|
|ABG23723927|        3|
|ABG25122829|        3|
|ABG31510426|        3|
|ABG22833065|        3|
|ABG22311131|        3|
+-----------+---------+
only showing top 20 rows

[(0.1, 0.0), (0.2, 0.0), (0.3, 0.0), (0.4, 0.0), (0.5, 0.0), (0.6, 0.0), (0.7, 0.0), (0.8, 0.0), (0.9, 0.0)]
LTEHandOverFailureCount - FWA55V5L
+-----------+---------+
|         sn|sum_count|
+-----------+---------+
|ABT23608484|        2|
|ABT23617357|        2|
|ABT23619214|        2|
|ABT23202193|        2|
|ABT23220881|        2|
|ABT23218722|        1|
|ABT23207921|        1|
|ABT23207094|        1|
|ABT23207294|        1|
|ABT23217151|        1|
|ABT23607578|        1|
|ABT23301828|        1|
|ABT23500522|        1|
|ABT23207756|        1|
|ABT23301509|        1|
|ABT23501653|        1|
|ABT23511758|        1|
|ABT23224882|        1|
|ABT23619922|        1|
|ABT23203161|        1|
+-----------+---------+
only showing top 20 rows

[(0.1, 0.0), (0.2, 0.0), (0.3, 0.0), (0.4, 0.0), (0.5, 0.0), (0.6, 0.0), (0.7, 0.0), (0.8, 0.0), (0.9, 0.0)]
LTEHandOverFailureCount - WNC-CR200A
+-----------+---------+
|         sn|sum_count|
+-----------+---------+
|ACA33823352|        7|
|ACA32428400|        6|
|ACA33711243|        5|
|ACA33436467|        4|
|ACA33700401|        3|
|ACA33107385|        3|
|ACA32407143|        2|
|ACA34212415|        2|
|ACA33018372|        2|
|ACA33812918|        2|
|ACA33603410|        2|
|ACA33108735|        2|
|ACA33803685|        2|
|ACA32411023|        2|
|ACA33013011|        2|
|ACA33215749|        2|
|ACA33312995|        2|
|ACA34221906|        2|
|ACA32423248|        2|
|ACA32419991|        2|
+-----------+---------+
only showing top 20 rows

[(0.1, 0.0), (0.2, 0.0), (0.3, 0.0), (0.4, 0.0), (0.5, 0.0), (0.6, 0.0), (0.7, 0.0), (0.8, 0.0), (0.9, 1.0)]
LTEHandOverFailureCount - ASK-NCQ1338
+-----------+---------+
|         sn|sum_count|
+-----------+---------+
|AAM20109996|        4|
|AAM21129881|        3|
|AAM21223367|        3|
|AAM21610579|        3|
|AAM14608035|        2|
|AAM20108587|        2|
|AAM21710089|        2|
|AAM13302316|        2|
|AAM21122814|        2|
|AAM21212688|        2|
|AAM21414651|        2|
|AAM13203259|        2|
|AAM21506461|        2|
|AAM12505530|        2|
|AAM21012545|        2|
|AAM13304225|        2|
|AAM21718102|        2|
|AAM20305022|        2|
|AAM14709145|        2|
|AAM15106342|        2|
+-----------+---------+
only showing top 20 rows

[(0.1, 0.0), (0.2, 0.0), (0.3, 0.0), (0.4, 0.0), (0.5, 0.0), (0.6, 0.0), (0.7, 0.0), (0.8, 0.0), (0.9, 0.0)]
LTEHandOverFailureCount - XCI55AX
+-----------+---------+
|         sn|sum_count|
+-----------+---------+
|ABU32305861|        4|
|GRR22102053|        3|
|GRR22036205|        3|
|GRR21225992|        2|
|ABU23810274|        2|
|ABU33206154|        2|
|ABU24616067|        2|
|ABU23707634|        2|
|GRR21214096|        2|
|ABU24610510|        2|
|GRR22043324|        2|
|GRR21239750|        2|
|ABU23933893|        2|
|ABU34405539|        2|
|ABU23808045|        2|
|ABU32307348|        1|
|ABU31802649|        1|
|GRR23279505|        1|
|GRR23316830|        1|
|ABU24304244|        1|
+-----------+---------+
only showing top 20 rows

[(0.1, 0.0), (0.2, 0.0), (0.3, 0.0), (0.4, 0.0), (0.5, 0.0), (0.6, 0.0), (0.7, 0.0), (0.8, 0.0), (0.9, 0.0)]
LTEHandOverFailureCount - ASK-NCM1100E
+-----------+---------+
|         sn|sum_count|
+-----------+---------+
|ACG33800238|        0|
+-----------+---------+

[(0.1, 0.0), (0.2, 0.0), (0.3, 0.0), (0.4, 0.0), (0.5, 0.0), (0.6, 0.0), (0.7, 0.0), (0.8, 0.0), (0.9, 0.0)]
LTEHandOverFailureCount - ASK-NCQ1338E
+-----------+---------+
|         sn|sum_count|
+-----------+---------+
|AA120901237|       36|
|AA123012846|       13|
|AA121501340|       13|
|AA122106426|        4|
|AA120204726|        3|
|AA122013722|        3|
|AA122900588|        3|
|AA122114437|        2|
|AA121702783|        2|
|AA122003754|        2|
|AA122105769|        2|
|AA121905367|        2|
|AA122105088|        1|
|AA121906023|        1|
|AA122113140|        1|
|AA123016231|        1|
|AA121700984|        1|
|AA120900957|        1|
|AA121703431|        1|
|AA122604049|        1|
+-----------+---------+
only showing top 20 rows

[(0.1, 0.0), (0.2, 0.0), (0.3, 0.0), (0.4, 0.0), (0.5, 0.0), (0.6, 0.0), (0.7, 0.0), (0.8, 0.0), (0.9, 0.0)]
LTEHandOverFailureCount - FWF100V5L
+-----------+---------+
|         sn|sum_count|
+-----------+---------+
|AB931900619|        0|
+-----------+---------+

[(0.1, 0.0), (0.2, 0.0), (0.3, 0.0), (0.4, 0.0), (0.5, 0.0), (0.6, 0.0), (0.7, 0.0), (0.8, 0.0), (0.9, 0.0)]
LTEHandOverFailureCount - ASK-NCM1100
+---+---------+
| sn|sum_count|
+---+---------+
+---+---------+

list index out of range
NRSCGChangeCount - FSNO21VA
+-----------+---------+
|         sn|sum_count|
+-----------+---------+
|ABH30519300|       82|
|ABH25203813|       73|
|ABH30700976|       71|
|ABH33705512|       51|
|ABH32605024|       48|
|ABH33215437|       36|
|ABH22736889|       35|
|ABH31816627|       34|
|ABH33510113|       34|
|ABH22505362|       27|
|ABH34005315|       22|
|ABH32316117|       22|
|ABH25206072|       21|
|ABH33107582|       19|
|ABH34101917|       19|
|ABH31718171|       17|
|ABH32104652|       17|
|ABH25210539|       17|
|ABH34005179|       17|
|ABH31611228|       17|
+-----------+---------+
only showing top 20 rows

[(0.1, 0.0), (0.2, 0.0), (0.3, 0.0), (0.4, 0.0), (0.5, 0.0), (0.6, 0.0), (0.7, 0.0), (0.8, 0.0), (0.9, 1.0)]
NRSCGChangeCount - ASK-NCQ1338FA
+-----------+---------+
|         sn|sum_count|
+-----------+---------+
|ABB21200118|        1|
+-----------+---------+

[(0.1, 1.0), (0.2, 1.0), (0.3, 1.0), (0.4, 1.0), (0.5, 1.0), (0.6, 1.0), (0.7, 1.0), (0.8, 1.0), (0.9, 1.0)]
NRSCGChangeCount - FWA55V5L
+-----------+---------+
|         sn|sum_count|
+-----------+---------+
|ABT22600025|        0|
|GRR14900057|        0|
+-----------+---------+

[(0.1, 0.0), (0.2, 0.0), (0.3, 0.0), (0.4, 0.0), (0.5, 0.0), (0.6, 0.0), (0.7, 0.0), (0.8, 0.0), (0.9, 0.0)]
NRSCGChangeCount - WNC-CR200A
+-----------+---------+
|         sn|sum_count|
+-----------+---------+
|ACA33115559|       32|
|ACA33806664|       23|
|ACA33632367|       22|
|ACA33636839|       21|
|ACA34237836|       20|
|ACA33715353|       20|
|ACA34303637|       20|
|ACA33233614|       18|
|ACA32404322|       18|
|ACA34224191|       16|
|ACA33208830|       16|
|ACA33232810|       15|
|ACA32815681|       15|
|ACA33005366|       15|
|ACA32817079|       14|
|ACA33237054|       13|
|ACA34212877|       13|
|ACA32409302|       13|
|ACA32428400|       12|
|ACA32801367|       12|
+-----------+---------+
only showing top 20 rows

[(0.1, 1.0), (0.2, 1.0), (0.3, 1.0), (0.4, 1.0), (0.5, 1.0), (0.6, 1.0), (0.7, 1.0), (0.8, 1.0), (0.9, 1.0)]
NRSCGChangeCount - ASK-NCQ1338
+-----------+---------+
|         sn|sum_count|
+-----------+---------+
|AAM13600001|        1|
|AAM13600013|        0|
|AAM13600056|        0|
|AAM13600041|        0|
+-----------+---------+

[(0.1, 0.0), (0.2, 0.0), (0.3, 0.0), (0.4, 0.0), (0.5, 0.0), (0.6, 0.0), (0.7, 0.0), (0.8, 1.0), (0.9, 1.0)]
NRSCGChangeCount - XCI55AX
+-----------+---------+
|         sn|sum_count|
+-----------+---------+
|GRR22046040|        1|
|GRR14900156|        1|
|GRR14800080|        1|
|ABU23922687|        0|
|ABU23943662|        0|
|ABU23943792|        0|
|ABU23945252|        0|
|ABU24121392|        0|
|ABU24208216|        0|
|ABU23944925|        0|
|ABU24725934|        0|
|ABU24108189|        0|
|GRR13800079|        0|
|ABU24121468|        0|
|ABU24332344|        0|
|ABU24409981|        0|
|ABU24647935|        0|
|ABU24753917|        0|
|ABU24759271|        0|
|ABU32903464|        0|
+-----------+---------+
only showing top 20 rows

[(0.1, 0.0), (0.2, 0.0), (0.3, 0.0), (0.4, 0.0), (0.5, 0.0), (0.6, 0.0), (0.7, 0.0), (0.8, 0.0), (0.9, 0.0)]
NRSCGChangeCount - ASK-NCM1100E
+-----------+---------+
|         sn|sum_count|
+-----------+---------+
|ACC33300027|        1|
|ACG33800290|        1|
|AAK11300268|        0|
|ABU24121521|        0|
|ACC33200062|        0|
|ACC33200108|        0|
|ACC33200058|        0|
|ACC33300026|        0|
|ACC33200081|        0|
|ACC33300045|        0|
|ACC33200139|        0|
|ACC33300010|        0|
|ACC33300020|        0|
|ACC33300028|        0|
|ACC33300039|        0|
|ACC33300044|        0|
|ACC33700005|        0|
|ACC33700011|        0|
|ACC33700017|        0|
|ACC33700020|        0|
+-----------+---------+
only showing top 20 rows

ERROR:root:Exception while sending command.
Traceback (most recent call last):
  File "/usr/apps/vmas/spark-3.2.0-bin-hadoop3.2/python/lib/py4j-0.10.9.2-src.zip/py4j/clientserver.py", line 475, in send_command
    answer = smart_decode(self.stream.readline()[:-1])
RuntimeError: reentrant call inside <_io.BufferedReader name=3>

During handling of the above exception, another exception occurred:

Traceback (most recent call last):
  File "/usr/apps/vmas/spark-3.2.0-bin-hadoop3.2/python/lib/py4j-0.10.9.2-src.zip/py4j/java_gateway.py", line 1038, in send_command
    response = connection.send_command(command)
  File "/usr/apps/vmas/spark-3.2.0-bin-hadoop3.2/python/lib/py4j-0.10.9.2-src.zip/py4j/clientserver.py", line 503, in send_command
    raise Py4JNetworkError(
py4j.protocol.Py4JNetworkError: Error while sending or receiving
ERROR:root:Exception while sending command.
Traceback (most recent call last):
  File "/usr/apps/vmas/spark-3.2.0-bin-hadoop3.2/python/lib/py4j-0.10.9.2-src.zip/py4j/clientserver.py", line 475, in send_command
    answer = smart_decode(self.stream.readline()[:-1])
  File "/usr/apps/vmas/anaconda3/lib/python3.9/socket.py", line 704, in readinto
    return self._sock.recv_into(b)
  File "/usr/apps/vmas/spark-3.2.0-bin-hadoop3.2/python/lib/pyspark.zip/pyspark/context.py", line 292, in signal_handler
    self.cancelAllJobs()
  File "/usr/apps/vmas/spark-3.2.0-bin-hadoop3.2/python/lib/pyspark.zip/pyspark/context.py", line 1195, in cancelAllJobs
    self._jsc.sc().cancelAllJobs()
  File "/usr/apps/vmas/spark-3.2.0-bin-hadoop3.2/python/lib/py4j-0.10.9.2-src.zip/py4j/java_gateway.py", line 1309, in __call__
    return_value = get_return_value(
  File "/usr/apps/vmas/spark-3.2.0-bin-hadoop3.2/python/lib/pyspark.zip/pyspark/sql/utils.py", line 111, in deco
    return f(*a, **kw)
  File "/usr/apps/vmas/spark-3.2.0-bin-hadoop3.2/python/lib/py4j-0.10.9.2-src.zip/py4j/protocol.py", line 334, in get_return_value
    raise Py4JError(
py4j.protocol.Py4JError: An error occurred while calling o25.sc

During handling of the above exception, another exception occurred:

Traceback (most recent call last):
  File "/usr/apps/vmas/spark-3.2.0-bin-hadoop3.2/python/lib/py4j-0.10.9.2-src.zip/py4j/java_gateway.py", line 1038, in send_command
    response = connection.send_command(command)
  File "/usr/apps/vmas/spark-3.2.0-bin-hadoop3.2/python/lib/py4j-0.10.9.2-src.zip/py4j/clientserver.py", line 503, in send_command
    raise Py4JNetworkError(
py4j.protocol.Py4JNetworkError: Error while sending or receiving
An error occurred while calling o6415.approxQuantile
NRSCGChangeFailureCount - FSNO21VA
